2025-12-15 00:23:14 [ERROR]: 401 - No token provided - /api/auth/refresh - POST - ::ffff:127.0.0.1
2025-12-15 00:23:14 [ERROR]: Error: No token provided
    at file:///home/habtamu/Documents/Programing/Learn%20With%20Project/Full%20Stack/ecommerce/backend/controllers/authController.js:130:11
    at asyncUtilWrap (/home/habtamu/Documents/Programing/Learn With Project/Full Stack/ecommerce/backend/node_modules/express-async-handler/index.js:3:20)
    at Layer.handleRequest (/home/habtamu/Documents/Programing/Learn With Project/Full Stack/ecommerce/backend/node_modules/router/lib/layer.js:152:17)
    at next (/home/habtamu/Documents/Programing/Learn With Project/Full Stack/ecommerce/backend/node_modules/router/lib/route.js:157:13)
    at file:///home/habtamu/Documents/Programing/Learn%20With%20Project/Full%20Stack/ecommerce/backend/node_modules/express-rate-limit/dist/index.mjs:913:7
    at process.processTicksAndRejections (node:internal/process/task_queues:105:5)
    at async file:///home/habtamu/Documents/Programing/Learn%20With%20Project/Full%20Stack/ecommerce/backend/node_modules/express-rate-limit/dist/index.mjs:796:5
2025-12-15 00:23:14 [ERROR]: 401 - No token provided - /api/auth/refresh - POST - ::ffff:127.0.0.1
2025-12-15 00:23:14 [ERROR]: Error: No token provided
    at file:///home/habtamu/Documents/Programing/Learn%20With%20Project/Full%20Stack/ecommerce/backend/controllers/authController.js:130:11
    at asyncUtilWrap (/home/habtamu/Documents/Programing/Learn With Project/Full Stack/ecommerce/backend/node_modules/express-async-handler/index.js:3:20)
    at Layer.handleRequest (/home/habtamu/Documents/Programing/Learn With Project/Full Stack/ecommerce/backend/node_modules/router/lib/layer.js:152:17)
    at next (/home/habtamu/Documents/Programing/Learn With Project/Full Stack/ecommerce/backend/node_modules/router/lib/route.js:157:13)
    at file:///home/habtamu/Documents/Programing/Learn%20With%20Project/Full%20Stack/ecommerce/backend/node_modules/express-rate-limit/dist/index.mjs:913:7
    at process.processTicksAndRejections (node:internal/process/task_queues:105:5)
    at async file:///home/habtamu/Documents/Programing/Learn%20With%20Project/Full%20Stack/ecommerce/backend/node_modules/express-rate-limit/dist/index.mjs:796:5
2025-12-14 18:31:47 [ERROR]: 400 - User not exist - /api/auth/login - POST - ::ffff:127.0.0.1
2025-12-14 18:31:47 [ERROR]: Error: User not exist
    at file:///home/habtamu/Documents/Programing/Learn%20With%20Project/Full%20Stack/ecommerce/backend/controllers/authController.js:82:11
    at process.processTicksAndRejections (node:internal/process/task_queues:105:5)
2025-12-14 18:36:48 [ERROR]: 403 - Invalid token - /api/auth/refresh - POST - ::ffff:127.0.0.1
2025-12-14 18:36:48 [ERROR]: Error: Invalid token
    at file:///home/habtamu/Documents/Programing/Learn%20With%20Project/Full%20Stack/ecommerce/backend/controllers/authController.js:137:11
    at process.processTicksAndRejections (node:internal/process/task_queues:105:5)
2025-12-14 19:11:30 [ERROR]: 403 - Invalid token - /api/auth/refresh - POST - ::ffff:127.0.0.1
2025-12-14 19:11:30 [ERROR]: Error: Invalid token
    at file:///home/habtamu/Documents/Programing/Learn%20With%20Project/Full%20Stack/ecommerce/backend/controllers/authController.js:137:11
    at process.processTicksAndRejections (node:internal/process/task_queues:105:5)
2025-12-14 19:18:45 [ERROR]: 403 - Invalid token - /api/auth/refresh - POST - ::ffff:127.0.0.1
2025-12-14 19:18:45 [ERROR]: Error: Invalid token
    at file:///home/habtamu/Documents/Programing/Learn%20With%20Project/Full%20Stack/ecommerce/backend/controllers/authController.js:137:11
    at process.processTicksAndRejections (node:internal/process/task_queues:105:5)
2025-12-14 19:19:22 [ERROR]: 403 - Invalid token - /api/auth/refresh - POST - ::ffff:127.0.0.1
2025-12-14 19:19:22 [ERROR]: Error: Invalid token
    at file:///home/habtamu/Documents/Programing/Learn%20With%20Project/Full%20Stack/ecommerce/backend/controllers/authController.js:137:11
    at process.processTicksAndRejections (node:internal/process/task_queues:105:5)
2025-12-14 19:21:06 [ERROR]: 403 - Invalid token - /api/auth/refresh - POST - ::ffff:127.0.0.1
2025-12-14 19:21:06 [ERROR]: Error: Invalid token
    at file:///home/habtamu/Documents/Programing/Learn%20With%20Project/Full%20Stack/ecommerce/backend/controllers/authController.js:137:11
    at process.processTicksAndRejections (node:internal/process/task_queues:105:5)
2025-12-14 19:21:15 [ERROR]: 403 - Invalid token - /api/auth/refresh - POST - ::ffff:127.0.0.1
2025-12-14 19:21:15 [ERROR]: Error: Invalid token
    at file:///home/habtamu/Documents/Programing/Learn%20With%20Project/Full%20Stack/ecommerce/backend/controllers/authController.js:137:11
    at process.processTicksAndRejections (node:internal/process/task_queues:105:5)
2025-12-14 19:45:15 [ERROR]: 401 - No token provided - /api/auth/refresh - POST - ::ffff:127.0.0.1
2025-12-14 19:45:15 [ERROR]: Error: No token provided
    at file:///home/habtamu/Documents/Programing/Learn%20With%20Project/Full%20Stack/ecommerce/backend/controllers/authController.js:130:11
    at asyncUtilWrap (/home/habtamu/Documents/Programing/Learn With Project/Full Stack/ecommerce/backend/node_modules/express-async-handler/index.js:3:20)
    at Layer.handleRequest (/home/habtamu/Documents/Programing/Learn With Project/Full Stack/ecommerce/backend/node_modules/router/lib/layer.js:152:17)
    at next (/home/habtamu/Documents/Programing/Learn With Project/Full Stack/ecommerce/backend/node_modules/router/lib/route.js:157:13)
    at file:///home/habtamu/Documents/Programing/Learn%20With%20Project/Full%20Stack/ecommerce/backend/node_modules/express-rate-limit/dist/index.mjs:913:7
    at process.processTicksAndRejections (node:internal/process/task_queues:105:5)
    at async file:///home/habtamu/Documents/Programing/Learn%20With%20Project/Full%20Stack/ecommerce/backend/node_modules/express-rate-limit/dist/index.mjs:796:5
2025-12-14 19:45:15 [ERROR]: 401 - No token provided - /api/auth/refresh - POST - ::ffff:127.0.0.1
2025-12-14 19:45:15 [ERROR]: Error: No token provided
    at file:///home/habtamu/Documents/Programing/Learn%20With%20Project/Full%20Stack/ecommerce/backend/controllers/authController.js:130:11
    at asyncUtilWrap (/home/habtamu/Documents/Programing/Learn With Project/Full Stack/ecommerce/backend/node_modules/express-async-handler/index.js:3:20)
    at Layer.handleRequest (/home/habtamu/Documents/Programing/Learn With Project/Full Stack/ecommerce/backend/node_modules/router/lib/layer.js:152:17)
    at next (/home/habtamu/Documents/Programing/Learn With Project/Full Stack/ecommerce/backend/node_modules/router/lib/route.js:157:13)
    at file:///home/habtamu/Documents/Programing/Learn%20With%20Project/Full%20Stack/ecommerce/backend/node_modules/express-rate-limit/dist/index.mjs:913:7
    at process.processTicksAndRejections (node:internal/process/task_queues:105:5)
    at async file:///home/habtamu/Documents/Programing/Learn%20With%20Project/Full%20Stack/ecommerce/backend/node_modules/express-rate-limit/dist/index.mjs:796:5
2025-12-14 19:50:33 [ERROR]: 403 - Invalid token - /api/auth/refresh - POST - ::ffff:127.0.0.1
2025-12-14 19:50:33 [ERROR]: Error: Invalid token
    at file:///home/habtamu/Documents/Programing/Learn%20With%20Project/Full%20Stack/ecommerce/backend/controllers/authController.js:137:11
    at process.processTicksAndRejections (node:internal/process/task_queues:105:5)
2025-12-14 19:54:04 [ERROR]: 403 - Invalid token - /api/auth/refresh - POST - ::ffff:127.0.0.1
2025-12-14 19:54:05 [ERROR]: Error: Invalid token
    at file:///home/habtamu/Documents/Programing/Learn%20With%20Project/Full%20Stack/ecommerce/backend/controllers/authController.js:137:11
    at process.processTicksAndRejections (node:internal/process/task_queues:105:5)
2025-12-14 20:08:55 [ERROR]: 403 - Invalid token - /api/auth/refresh - POST - ::ffff:127.0.0.1
2025-12-14 20:08:55 [ERROR]: Error: Invalid token
    at file:///home/habtamu/Documents/Programing/Learn%20With%20Project/Full%20Stack/ecommerce/backend/controllers/authController.js:137:11
    at process.processTicksAndRejections (node:internal/process/task_queues:105:5)
2025-12-14 20:08:55 [ERROR]: 403 - Invalid token - /api/auth/refresh - POST - ::ffff:127.0.0.1
2025-12-14 20:08:55 [ERROR]: Error: Invalid token
    at file:///home/habtamu/Documents/Programing/Learn%20With%20Project/Full%20Stack/ecommerce/backend/controllers/authController.js:137:11
    at process.processTicksAndRejections (node:internal/process/task_queues:105:5)
2025-12-14 20:11:38 [ERROR]: 403 - Invalid token - /api/auth/refresh - POST - ::ffff:127.0.0.1
2025-12-14 20:11:38 [ERROR]: Error: Invalid token
    at file:///home/habtamu/Documents/Programing/Learn%20With%20Project/Full%20Stack/ecommerce/backend/controllers/authController.js:137:11
    at process.processTicksAndRejections (node:internal/process/task_queues:105:5)
2025-12-14 20:12:23 [ERROR]: 401 - No token provided - /api/auth/refresh - POST - ::ffff:127.0.0.1
2025-12-14 20:12:23 [ERROR]: Error: No token provided
    at file:///home/habtamu/Documents/Programing/Learn%20With%20Project/Full%20Stack/ecommerce/backend/controllers/authController.js:130:11
    at asyncUtilWrap (/home/habtamu/Documents/Programing/Learn With Project/Full Stack/ecommerce/backend/node_modules/express-async-handler/index.js:3:20)
    at Layer.handleRequest (/home/habtamu/Documents/Programing/Learn With Project/Full Stack/ecommerce/backend/node_modules/router/lib/layer.js:152:17)
    at next (/home/habtamu/Documents/Programing/Learn With Project/Full Stack/ecommerce/backend/node_modules/router/lib/route.js:157:13)
    at file:///home/habtamu/Documents/Programing/Learn%20With%20Project/Full%20Stack/ecommerce/backend/node_modules/express-rate-limit/dist/index.mjs:913:7
    at process.processTicksAndRejections (node:internal/process/task_queues:105:5)
    at async file:///home/habtamu/Documents/Programing/Learn%20With%20Project/Full%20Stack/ecommerce/backend/node_modules/express-rate-limit/dist/index.mjs:796:5
2025-12-14 20:12:23 [ERROR]: 401 - No token provided - /api/auth/refresh - POST - ::ffff:127.0.0.1
2025-12-14 20:12:23 [ERROR]: Error: No token provided
    at file:///home/habtamu/Documents/Programing/Learn%20With%20Project/Full%20Stack/ecommerce/backend/controllers/authController.js:130:11
    at asyncUtilWrap (/home/habtamu/Documents/Programing/Learn With Project/Full Stack/ecommerce/backend/node_modules/express-async-handler/index.js:3:20)
    at Layer.handleRequest (/home/habtamu/Documents/Programing/Learn With Project/Full Stack/ecommerce/backend/node_modules/router/lib/layer.js:152:17)
    at next (/home/habtamu/Documents/Programing/Learn With Project/Full Stack/ecommerce/backend/node_modules/router/lib/route.js:157:13)
    at file:///home/habtamu/Documents/Programing/Learn%20With%20Project/Full%20Stack/ecommerce/backend/node_modules/express-rate-limit/dist/index.mjs:913:7
    at process.processTicksAndRejections (node:internal/process/task_queues:105:5)
    at async file:///home/habtamu/Documents/Programing/Learn%20With%20Project/Full%20Stack/ecommerce/backend/node_modules/express-rate-limit/dist/index.mjs:796:5
2025-12-14 20:17:25 [ERROR]: 403 - Invalid token - /api/auth/refresh - POST - ::ffff:127.0.0.1
2025-12-14 20:17:25 [ERROR]: Error: Invalid token
    at file:///home/habtamu/Documents/Programing/Learn%20With%20Project/Full%20Stack/ecommerce/backend/controllers/authController.js:137:11
    at process.processTicksAndRejections (node:internal/process/task_queues:105:5)
2025-12-14 20:17:31 [ERROR]: 403 - Invalid token - /api/auth/refresh - POST - ::ffff:127.0.0.1
2025-12-14 20:17:31 [ERROR]: Error: Invalid token
    at file:///home/habtamu/Documents/Programing/Learn%20With%20Project/Full%20Stack/ecommerce/backend/controllers/authController.js:137:11
    at process.processTicksAndRejections (node:internal/process/task_queues:105:5)
2025-12-14 20:17:43 [ERROR]: 403 - Invalid token - /api/auth/refresh - POST - ::ffff:127.0.0.1
2025-12-14 20:17:43 [ERROR]: Error: Invalid token
    at file:///home/habtamu/Documents/Programing/Learn%20With%20Project/Full%20Stack/ecommerce/backend/controllers/authController.js:137:11
    at process.processTicksAndRejections (node:internal/process/task_queues:105:5)
2025-12-14 20:17:47 [ERROR]: 403 - Invalid token - /api/auth/refresh - POST - ::ffff:127.0.0.1
2025-12-14 20:17:47 [ERROR]: Error: Invalid token
    at file:///home/habtamu/Documents/Programing/Learn%20With%20Project/Full%20Stack/ecommerce/backend/controllers/authController.js:137:11
    at process.processTicksAndRejections (node:internal/process/task_queues:105:5)
2025-12-14 20:21:04 [ERROR]: 403 - Invalid token - /api/auth/refresh - POST - ::ffff:127.0.0.1
2025-12-14 20:21:04 [ERROR]: Error: Invalid token
    at file:///home/habtamu/Documents/Programing/Learn%20With%20Project/Full%20Stack/ecommerce/backend/controllers/authController.js:137:11
    at process.processTicksAndRejections (node:internal/process/task_queues:105:5)
2025-12-14 20:33:33 [ERROR]: 403 - Invalid token - /api/auth/refresh - POST - ::ffff:127.0.0.1
2025-12-14 20:33:33 [ERROR]: Error: Invalid token
    at file:///home/habtamu/Documents/Programing/Learn%20With%20Project/Full%20Stack/ecommerce/backend/controllers/authController.js:137:11
    at process.processTicksAndRejections (node:internal/process/task_queues:105:5)
2025-12-14 21:04:55 [ERROR]: 404 - Can't find /api/auth/health on this server! - /api/auth/health - GET - ::ffff:127.0.0.1
2025-12-14 21:04:55 [ERROR]: Error: Can't find /api/auth/health on this server!
    at file:///home/habtamu/Documents/Programing/Learn%20With%20Project/Full%20Stack/ecommerce/backend/server.js:40:8
    at Layer.handleRequest (/home/habtamu/Documents/Programing/Learn With Project/Full Stack/ecommerce/backend/node_modules/router/lib/layer.js:152:17)
    at next (/home/habtamu/Documents/Programing/Learn With Project/Full Stack/ecommerce/backend/node_modules/router/lib/route.js:157:13)
    at Route.dispatch (/home/habtamu/Documents/Programing/Learn With Project/Full Stack/ecommerce/backend/node_modules/router/lib/route.js:117:3)
    at handle (/home/habtamu/Documents/Programing/Learn With Project/Full Stack/ecommerce/backend/node_modules/router/index.js:435:11)
    at Layer.handleRequest (/home/habtamu/Documents/Programing/Learn With Project/Full Stack/ecommerce/backend/node_modules/router/lib/layer.js:152:17)
    at /home/habtamu/Documents/Programing/Learn With Project/Full Stack/ecommerce/backend/node_modules/router/index.js:295:15
    at processParams (/home/habtamu/Documents/Programing/Learn With Project/Full Stack/ecommerce/backend/node_modules/router/index.js:582:12)
    at next (/home/habtamu/Documents/Programing/Learn With Project/Full Stack/ecommerce/backend/node_modules/router/index.js:291:5)
    at /home/habtamu/Documents/Programing/Learn With Project/Full Stack/ecommerce/backend/node_modules/router/index.js:688:15
2025-12-14 21:12:50 [ERROR]: 403 - Invalid token - /api/auth/refresh - POST - ::ffff:127.0.0.1
2025-12-14 21:12:50 [ERROR]: Error: Invalid token
    at file:///home/habtamu/Documents/Programing/Learn%20With%20Project/Full%20Stack/ecommerce/backend/controllers/authController.js:137:11
    at process.processTicksAndRejections (node:internal/process/task_queues:105:5)
2025-12-14 21:18:30 [ERROR]: 403 - Invalid token - /api/auth/refresh - POST - ::ffff:127.0.0.1
2025-12-14 21:18:30 [ERROR]: Error: Invalid token
    at file:///home/habtamu/Documents/Programing/Learn%20With%20Project/Full%20Stack/ecommerce/backend/controllers/authController.js:137:11
    at process.processTicksAndRejections (node:internal/process/task_queues:105:5)
2025-12-14 21:34:34 [ERROR]: 404 - Can't find /api/cart/update/693f0329e9dee39b8d0d48a9 on this server! - /api/cart/update/693f0329e9dee39b8d0d48a9 - PUT - ::ffff:127.0.0.1
2025-12-14 21:34:34 [ERROR]: Error: Can't find /api/cart/update/693f0329e9dee39b8d0d48a9 on this server!
    at file:///home/habtamu/Documents/Programing/Learn%20With%20Project/Full%20Stack/ecommerce/backend/server.js:40:8
    at Layer.handleRequest (/home/habtamu/Documents/Programing/Learn With Project/Full Stack/ecommerce/backend/node_modules/router/lib/layer.js:152:17)
    at next (/home/habtamu/Documents/Programing/Learn With Project/Full Stack/ecommerce/backend/node_modules/router/lib/route.js:157:13)
    at Route.dispatch (/home/habtamu/Documents/Programing/Learn With Project/Full Stack/ecommerce/backend/node_modules/router/lib/route.js:117:3)
    at handle (/home/habtamu/Documents/Programing/Learn With Project/Full Stack/ecommerce/backend/node_modules/router/index.js:435:11)
    at Layer.handleRequest (/home/habtamu/Documents/Programing/Learn With Project/Full Stack/ecommerce/backend/node_modules/router/lib/layer.js:152:17)
    at /home/habtamu/Documents/Programing/Learn With Project/Full Stack/ecommerce/backend/node_modules/router/index.js:295:15
    at processParams (/home/habtamu/Documents/Programing/Learn With Project/Full Stack/ecommerce/backend/node_modules/router/index.js:582:12)
    at next (/home/habtamu/Documents/Programing/Learn With Project/Full Stack/ecommerce/backend/node_modules/router/index.js:291:5)
    at /home/habtamu/Documents/Programing/Learn With Project/Full Stack/ecommerce/backend/node_modules/router/index.js:688:15
2025-12-14 21:35:16 [ERROR]: 403 - Invalid token - /api/auth/refresh - POST - ::ffff:127.0.0.1
2025-12-14 21:35:16 [ERROR]: Error: Invalid token
    at file:///home/habtamu/Documents/Programing/Learn%20With%20Project/Full%20Stack/ecommerce/backend/controllers/authController.js:137:11
    at process.processTicksAndRejections (node:internal/process/task_queues:105:5)
2025-12-14 21:35:26 [ERROR]: 403 - Invalid token - /api/auth/refresh - POST - ::ffff:127.0.0.1
2025-12-14 21:35:26 [ERROR]: Error: Invalid token
    at file:///home/habtamu/Documents/Programing/Learn%20With%20Project/Full%20Stack/ecommerce/backend/controllers/authController.js:137:11
    at process.processTicksAndRejections (node:internal/process/task_queues:105:5)
2025-12-14 21:38:56 [ERROR]: 500 - Product validation failed: category: Path `category` is required. - /api/products - POST - ::ffff:127.0.0.1
2025-12-14 21:38:56 [ERROR]: ValidationError: Product validation failed: category: Path `category` is required.
    at Document.invalidate (/home/habtamu/Documents/Programing/Learn With Project/Full Stack/ecommerce/backend/node_modules/mongoose/lib/document.js:3365:32)
    at validatePath (/home/habtamu/Documents/Programing/Learn With Project/Full Stack/ecommerce/backend/node_modules/mongoose/lib/document.js:3140:13)
    at process.processTicksAndRejections (node:internal/process/task_queues:105:5)
    at async Promise.all (index 3)
    at async model.$__validate (/home/habtamu/Documents/Programing/Learn With Project/Full Stack/ecommerce/backend/node_modules/mongoose/lib/document.js:3081:3)
    at async model.validate (/home/habtamu/Documents/Programing/Learn With Project/Full Stack/ecommerce/backend/node_modules/mongoose/lib/document.js:2663:5)
    at async model.validateBeforeSave (/home/habtamu/Documents/Programing/Learn With Project/Full Stack/ecommerce/backend/node_modules/mongoose/lib/plugins/validateBeforeSave.js:34:7)
    at async Kareem.execPre (/home/habtamu/Documents/Programing/Learn With Project/Full Stack/ecommerce/backend/node_modules/kareem/index.js:65:24)
    at async model.$__save (/home/habtamu/Documents/Programing/Learn With Project/Full Stack/ecommerce/backend/node_modules/mongoose/lib/model.js:369:5)
    at async model.save (/home/habtamu/Documents/Programing/Learn With Project/Full Stack/ecommerce/backend/node_modules/mongoose/lib/model.js:609:5)
2025-12-14 21:39:18 [ERROR]: 403 - Invalid token - /api/auth/refresh - POST - ::ffff:127.0.0.1
2025-12-14 21:39:18 [ERROR]: Error: Invalid token
    at file:///home/habtamu/Documents/Programing/Learn%20With%20Project/Full%20Stack/ecommerce/backend/controllers/authController.js:137:11
    at process.processTicksAndRejections (node:internal/process/task_queues:105:5)
2025-12-14 21:40:10 [ERROR]: 403 - Invalid token - /api/auth/refresh - POST - ::ffff:127.0.0.1
2025-12-14 21:40:10 [ERROR]: Error: Invalid token
    at file:///home/habtamu/Documents/Programing/Learn%20With%20Project/Full%20Stack/ecommerce/backend/controllers/authController.js:137:11
    at process.processTicksAndRejections (node:internal/process/task_queues:105:5)
2025-12-14 21:43:20 [ERROR]: 403 - Invalid token - /api/auth/refresh - POST - ::ffff:127.0.0.1
2025-12-14 21:43:20 [ERROR]: Error: Invalid token
    at file:///home/habtamu/Documents/Programing/Learn%20With%20Project/Full%20Stack/ecommerce/backend/controllers/authController.js:137:11
    at process.processTicksAndRejections (node:internal/process/task_queues:105:5)
2025-12-14 21:55:06 [ERROR]: 403 - Invalid token - /api/auth/refresh - POST - ::ffff:127.0.0.1
2025-12-14 21:55:06 [ERROR]: Error: Invalid token
    at file:///home/habtamu/Documents/Programing/Learn%20With%20Project/Full%20Stack/ecommerce/backend/controllers/authController.js:137:11
    at process.processTicksAndRejections (node:internal/process/task_queues:105:5)
2025-12-14 21:55:20 [ERROR]: 403 - Invalid token - /api/auth/refresh - POST - ::ffff:127.0.0.1
2025-12-14 21:55:21 [ERROR]: Error: Invalid token
    at file:///home/habtamu/Documents/Programing/Learn%20With%20Project/Full%20Stack/ecommerce/backend/controllers/authController.js:137:11
    at process.processTicksAndRejections (node:internal/process/task_queues:105:5)
2025-12-14 21:56:30 [ERROR]: 500 - Product validation failed: category: Path `category` is required. - /api/products - POST - ::1
2025-12-14 21:56:30 [ERROR]: ValidationError: Product validation failed: category: Path `category` is required.
    at Document.invalidate (/home/habtamu/Documents/Programing/Learn With Project/Full Stack/ecommerce/backend/node_modules/mongoose/lib/document.js:3365:32)
    at validatePath (/home/habtamu/Documents/Programing/Learn With Project/Full Stack/ecommerce/backend/node_modules/mongoose/lib/document.js:3140:13)
    at process.processTicksAndRejections (node:internal/process/task_queues:105:5)
    at async Promise.all (index 3)
    at async model.$__validate (/home/habtamu/Documents/Programing/Learn With Project/Full Stack/ecommerce/backend/node_modules/mongoose/lib/document.js:3081:3)
    at async model.validate (/home/habtamu/Documents/Programing/Learn With Project/Full Stack/ecommerce/backend/node_modules/mongoose/lib/document.js:2663:5)
    at async model.validateBeforeSave (/home/habtamu/Documents/Programing/Learn With Project/Full Stack/ecommerce/backend/node_modules/mongoose/lib/plugins/validateBeforeSave.js:34:7)
    at async Kareem.execPre (/home/habtamu/Documents/Programing/Learn With Project/Full Stack/ecommerce/backend/node_modules/kareem/index.js:65:24)
    at async model.$__save (/home/habtamu/Documents/Programing/Learn With Project/Full Stack/ecommerce/backend/node_modules/mongoose/lib/model.js:369:5)
    at async model.save (/home/habtamu/Documents/Programing/Learn With Project/Full Stack/ecommerce/backend/node_modules/mongoose/lib/model.js:609:5)
2025-12-14 22:09:17 [ERROR]: 403 - Invalid token - /api/auth/refresh - POST - ::ffff:127.0.0.1
2025-12-14 22:09:17 [ERROR]: Error: Invalid token
    at file:///home/habtamu/Documents/Programing/Learn%20With%20Project/Full%20Stack/ecommerce/backend/controllers/authController.js:137:11
    at process.processTicksAndRejections (node:internal/process/task_queues:105:5)
2025-12-14 22:09:37 [ERROR]: 403 - Invalid token - /api/auth/refresh - POST - ::ffff:127.0.0.1
2025-12-14 22:09:37 [ERROR]: Error: Invalid token
    at file:///home/habtamu/Documents/Programing/Learn%20With%20Project/Full%20Stack/ecommerce/backend/controllers/authController.js:137:11
    at process.processTicksAndRejections (node:internal/process/task_queues:105:5)
2025-12-14 22:13:40 [ERROR]: 403 - Invalid token - /api/auth/refresh - POST - ::ffff:127.0.0.1
2025-12-14 22:13:40 [ERROR]: Error: Invalid token
    at file:///home/habtamu/Documents/Programing/Learn%20With%20Project/Full%20Stack/ecommerce/backend/controllers/authController.js:137:11
    at process.processTicksAndRejections (node:internal/process/task_queues:105:5)
2025-12-14 22:27:15 [ERROR]: 403 - Invalid token - /api/auth/refresh - POST - ::ffff:127.0.0.1
2025-12-14 22:27:15 [ERROR]: Error: Invalid token
    at file:///home/habtamu/Documents/Programing/Learn%20With%20Project/Full%20Stack/ecommerce/backend/controllers/authController.js:137:11
    at process.processTicksAndRejections (node:internal/process/task_queues:105:5)
2025-12-14 22:31:38 [ERROR]: 403 - Invalid token - /api/auth/refresh - POST - ::ffff:127.0.0.1
2025-12-14 22:31:38 [ERROR]: Error: Invalid token
    at file:///home/habtamu/Documents/Programing/Learn%20With%20Project/Full%20Stack/ecommerce/backend/controllers/authController.js:137:11
    at process.processTicksAndRejections (node:internal/process/task_queues:105:5)
2025-12-14 22:45:59 [ERROR]: 403 - Invalid token - /api/auth/refresh - POST - ::ffff:127.0.0.1
2025-12-14 22:45:59 [ERROR]: Error: Invalid token
    at file:///home/habtamu/Documents/Programing/Learn%20With%20Project/Full%20Stack/ecommerce/backend/controllers/authController.js:137:11
    at process.processTicksAndRejections (node:internal/process/task_queues:105:5)
2025-12-14 22:47:45 [ERROR]: 403 - Invalid token - /api/auth/refresh - POST - ::ffff:127.0.0.1
2025-12-14 22:47:45 [ERROR]: Error: Invalid token
    at file:///home/habtamu/Documents/Programing/Learn%20With%20Project/Full%20Stack/ecommerce/backend/controllers/authController.js:137:11
    at process.processTicksAndRejections (node:internal/process/task_queues:105:5)
2025-12-14 22:48:01 [ERROR]: 403 - Invalid token - /api/auth/refresh - POST - ::ffff:127.0.0.1
2025-12-14 22:48:01 [ERROR]: Error: Invalid token
    at file:///home/habtamu/Documents/Programing/Learn%20With%20Project/Full%20Stack/ecommerce/backend/controllers/authController.js:137:11
    at process.processTicksAndRejections (node:internal/process/task_queues:105:5)
2025-12-14 22:57:21 [ERROR]: 403 - Invalid token - /api/auth/refresh - POST - ::ffff:127.0.0.1
2025-12-14 22:57:21 [ERROR]: Error: Invalid token
    at file:///home/habtamu/Documents/Programing/Learn%20With%20Project/Full%20Stack/ecommerce/backend/controllers/authController.js:137:11
    at process.processTicksAndRejections (node:internal/process/task_queues:105:5)
2025-12-14 22:57:43 [ERROR]: 404 - Can't find /api/users/69366aa22675e3137784c0dc/disable on this server! - /api/users/69366aa22675e3137784c0dc/disable - PUT - ::ffff:127.0.0.1
2025-12-14 22:57:43 [ERROR]: Error: Can't find /api/users/69366aa22675e3137784c0dc/disable on this server!
    at file:///home/habtamu/Documents/Programing/Learn%20With%20Project/Full%20Stack/ecommerce/backend/server.js:40:8
    at Layer.handleRequest (/home/habtamu/Documents/Programing/Learn With Project/Full Stack/ecommerce/backend/node_modules/router/lib/layer.js:152:17)
    at next (/home/habtamu/Documents/Programing/Learn With Project/Full Stack/ecommerce/backend/node_modules/router/lib/route.js:157:13)
    at Route.dispatch (/home/habtamu/Documents/Programing/Learn With Project/Full Stack/ecommerce/backend/node_modules/router/lib/route.js:117:3)
    at handle (/home/habtamu/Documents/Programing/Learn With Project/Full Stack/ecommerce/backend/node_modules/router/index.js:435:11)
    at Layer.handleRequest (/home/habtamu/Documents/Programing/Learn With Project/Full Stack/ecommerce/backend/node_modules/router/lib/layer.js:152:17)
    at /home/habtamu/Documents/Programing/Learn With Project/Full Stack/ecommerce/backend/node_modules/router/index.js:295:15
    at processParams (/home/habtamu/Documents/Programing/Learn With Project/Full Stack/ecommerce/backend/node_modules/router/index.js:582:12)
    at next (/home/habtamu/Documents/Programing/Learn With Project/Full Stack/ecommerce/backend/node_modules/router/index.js:291:5)
    at /home/habtamu/Documents/Programing/Learn With Project/Full Stack/ecommerce/backend/node_modules/router/index.js:688:15
2025-12-14 23:09:12 [ERROR]: 404 - Can't find /api/users/69366aa22675e3137784c0dc/disable on this server! - /api/users/69366aa22675e3137784c0dc/disable - PUT - ::ffff:127.0.0.1
2025-12-14 23:09:12 [ERROR]: Error: Can't find /api/users/69366aa22675e3137784c0dc/disable on this server!
    at file:///home/habtamu/Documents/Programing/Learn%20With%20Project/Full%20Stack/ecommerce/backend/server.js:40:8
    at Layer.handleRequest (/home/habtamu/Documents/Programing/Learn With Project/Full Stack/ecommerce/backend/node_modules/router/lib/layer.js:152:17)
    at next (/home/habtamu/Documents/Programing/Learn With Project/Full Stack/ecommerce/backend/node_modules/router/lib/route.js:157:13)
    at Route.dispatch (/home/habtamu/Documents/Programing/Learn With Project/Full Stack/ecommerce/backend/node_modules/router/lib/route.js:117:3)
    at handle (/home/habtamu/Documents/Programing/Learn With Project/Full Stack/ecommerce/backend/node_modules/router/index.js:435:11)
    at Layer.handleRequest (/home/habtamu/Documents/Programing/Learn With Project/Full Stack/ecommerce/backend/node_modules/router/lib/layer.js:152:17)
    at /home/habtamu/Documents/Programing/Learn With Project/Full Stack/ecommerce/backend/node_modules/router/index.js:295:15
    at processParams (/home/habtamu/Documents/Programing/Learn With Project/Full Stack/ecommerce/backend/node_modules/router/index.js:582:12)
    at next (/home/habtamu/Documents/Programing/Learn With Project/Full Stack/ecommerce/backend/node_modules/router/index.js:291:5)
    at /home/habtamu/Documents/Programing/Learn With Project/Full Stack/ecommerce/backend/node_modules/router/index.js:688:15
2025-12-15 18:47:21 [ERROR]: 403 - Invalid token - /api/auth/refresh - POST - ::ffff:127.0.0.1
2025-12-15 18:47:21 [ERROR]: Error: Invalid token
    at file:///home/habtamu/Documents/Programing/Learn%20With%20Project/Full%20Stack/ecommerce/backend/controllers/authController.js:137:11
    at process.processTicksAndRejections (node:internal/process/task_queues:105:5)
2025-12-15 18:49:18 [ERROR]: 403 - Invalid token - /api/auth/refresh - POST - ::ffff:127.0.0.1
2025-12-15 18:49:18 [ERROR]: Error: Invalid token
    at file:///home/habtamu/Documents/Programing/Learn%20With%20Project/Full%20Stack/ecommerce/backend/controllers/authController.js:137:11
    at process.processTicksAndRejections (node:internal/process/task_queues:105:5)
2025-12-15 18:49:22 [ERROR]: 403 - Invalid token - /api/auth/refresh - POST - ::ffff:127.0.0.1
2025-12-15 18:49:22 [ERROR]: Error: Invalid token
    at file:///home/habtamu/Documents/Programing/Learn%20With%20Project/Full%20Stack/ecommerce/backend/controllers/authController.js:137:11
    at process.processTicksAndRejections (node:internal/process/task_queues:105:5)
2025-12-15 19:18:21 [ERROR]: 403 - Invalid token - /api/auth/refresh - POST - ::ffff:127.0.0.1
2025-12-15 19:18:21 [ERROR]: Error: Invalid token
    at file:///home/habtamu/Documents/Programing/Learn%20With%20Project/Full%20Stack/ecommerce/backend/controllers/authController.js:137:11
    at process.processTicksAndRejections (node:internal/process/task_queues:105:5)
2025-12-15 19:25:46 [ERROR]: 403 - Invalid token - /api/auth/refresh - POST - ::ffff:127.0.0.1
2025-12-15 19:25:46 [ERROR]: Error: Invalid token
    at file:///home/habtamu/Documents/Programing/Learn%20With%20Project/Full%20Stack/ecommerce/backend/controllers/authController.js:137:11
    at process.processTicksAndRejections (node:internal/process/task_queues:105:5)
2025-12-15 19:27:39 [ERROR]: 403 - Invalid token - /api/auth/refresh - POST - ::ffff:127.0.0.1
2025-12-15 19:27:39 [ERROR]: Error: Invalid token
    at file:///home/habtamu/Documents/Programing/Learn%20With%20Project/Full%20Stack/ecommerce/backend/controllers/authController.js:137:11
    at process.processTicksAndRejections (node:internal/process/task_queues:105:5)
2025-12-15 19:29:46 [ERROR]: 403 - Invalid token - /api/auth/refresh - POST - ::ffff:127.0.0.1
2025-12-15 19:29:46 [ERROR]: Error: Invalid token
    at file:///home/habtamu/Documents/Programing/Learn%20With%20Project/Full%20Stack/ecommerce/backend/controllers/authController.js:137:11
    at process.processTicksAndRejections (node:internal/process/task_queues:105:5)
2025-12-15 19:33:15 [ERROR]: 403 - Invalid token - /api/auth/refresh - POST - ::ffff:127.0.0.1
2025-12-15 19:33:15 [ERROR]: Error: Invalid token
    at file:///home/habtamu/Documents/Programing/Learn%20With%20Project/Full%20Stack/ecommerce/backend/controllers/authController.js:137:11
    at process.processTicksAndRejections (node:internal/process/task_queues:105:5)
2025-12-15 19:33:20 [ERROR]: 403 - Invalid token - /api/auth/refresh - POST - ::ffff:127.0.0.1
2025-12-15 19:33:20 [ERROR]: Error: Invalid token
    at file:///home/habtamu/Documents/Programing/Learn%20With%20Project/Full%20Stack/ecommerce/backend/controllers/authController.js:137:11
    at process.processTicksAndRejections (node:internal/process/task_queues:105:5)
2025-12-15 19:41:39 [ERROR]: 403 - Invalid token - /api/auth/refresh - POST - ::ffff:127.0.0.1
2025-12-15 19:41:39 [ERROR]: Error: Invalid token
    at file:///home/habtamu/Documents/Programing/Learn%20With%20Project/Full%20Stack/ecommerce/backend/controllers/authController.js:137:11
    at process.processTicksAndRejections (node:internal/process/task_queues:105:5)
2025-12-15 19:48:03 [ERROR]: 403 - Invalid token - /api/auth/refresh - POST - ::ffff:127.0.0.1
2025-12-15 19:48:03 [ERROR]: Error: Invalid token
    at file:///home/habtamu/Documents/Programing/Learn%20With%20Project/Full%20Stack/ecommerce/backend/controllers/authController.js:137:11
    at process.processTicksAndRejections (node:internal/process/task_queues:105:5)
2025-12-15 19:51:58 [ERROR]: 403 - Invalid token - /api/auth/refresh - POST - ::ffff:127.0.0.1
2025-12-15 19:51:58 [ERROR]: Error: Invalid token
    at file:///home/habtamu/Documents/Programing/Learn%20With%20Project/Full%20Stack/ecommerce/backend/controllers/authController.js:137:11
    at process.processTicksAndRejections (node:internal/process/task_queues:105:5)
2025-12-15 20:07:02 [ERROR]: 403 - Invalid token - /api/auth/refresh - POST - ::ffff:127.0.0.1
2025-12-15 20:07:02 [ERROR]: Error: Invalid token
    at file:///home/habtamu/Documents/Programing/Learn%20With%20Project/Full%20Stack/ecommerce/backend/controllers/authController.js:137:11
    at process.processTicksAndRejections (node:internal/process/task_queues:105:5)
2025-12-15 20:09:49 [ERROR]: 403 - Invalid token - /api/auth/refresh - POST - ::ffff:127.0.0.1
2025-12-15 20:09:49 [ERROR]: Error: Invalid token
    at file:///home/habtamu/Documents/Programing/Learn%20With%20Project/Full%20Stack/ecommerce/backend/controllers/authController.js:137:11
    at process.processTicksAndRejections (node:internal/process/task_queues:105:5)
2025-12-15 20:11:23 [ERROR]: 404 - Can't find /api/users/6935d97ccb7f1fcb2aa8b7a5/disable on this server! - /api/users/6935d97ccb7f1fcb2aa8b7a5/disable - PUT - ::ffff:127.0.0.1
2025-12-15 20:11:23 [ERROR]: Error: Can't find /api/users/6935d97ccb7f1fcb2aa8b7a5/disable on this server!
    at file:///home/habtamu/Documents/Programing/Learn%20With%20Project/Full%20Stack/ecommerce/backend/server.js:40:8
    at Layer.handleRequest (/home/habtamu/Documents/Programing/Learn With Project/Full Stack/ecommerce/backend/node_modules/router/lib/layer.js:152:17)
    at next (/home/habtamu/Documents/Programing/Learn With Project/Full Stack/ecommerce/backend/node_modules/router/lib/route.js:157:13)
    at Route.dispatch (/home/habtamu/Documents/Programing/Learn With Project/Full Stack/ecommerce/backend/node_modules/router/lib/route.js:117:3)
    at handle (/home/habtamu/Documents/Programing/Learn With Project/Full Stack/ecommerce/backend/node_modules/router/index.js:435:11)
    at Layer.handleRequest (/home/habtamu/Documents/Programing/Learn With Project/Full Stack/ecommerce/backend/node_modules/router/lib/layer.js:152:17)
    at /home/habtamu/Documents/Programing/Learn With Project/Full Stack/ecommerce/backend/node_modules/router/index.js:295:15
    at processParams (/home/habtamu/Documents/Programing/Learn With Project/Full Stack/ecommerce/backend/node_modules/router/index.js:582:12)
    at next (/home/habtamu/Documents/Programing/Learn With Project/Full Stack/ecommerce/backend/node_modules/router/index.js:291:5)
    at /home/habtamu/Documents/Programing/Learn With Project/Full Stack/ecommerce/backend/node_modules/router/index.js:688:15
2025-12-15 21:05:38 [ERROR]: 404 - Can't find /api/cart/update/69403045fcc2c7424e4dfbb1 on this server! - /api/cart/update/69403045fcc2c7424e4dfbb1 - PUT - ::ffff:127.0.0.1
2025-12-15 21:05:38 [ERROR]: Error: Can't find /api/cart/update/69403045fcc2c7424e4dfbb1 on this server!
    at file:///home/habtamu/Documents/Programing/Learn%20With%20Project/Full%20Stack/ecommerce/backend/server.js:40:8
    at Layer.handleRequest (/home/habtamu/Documents/Programing/Learn With Project/Full Stack/ecommerce/backend/node_modules/router/lib/layer.js:152:17)
    at next (/home/habtamu/Documents/Programing/Learn With Project/Full Stack/ecommerce/backend/node_modules/router/lib/route.js:157:13)
    at Route.dispatch (/home/habtamu/Documents/Programing/Learn With Project/Full Stack/ecommerce/backend/node_modules/router/lib/route.js:117:3)
    at handle (/home/habtamu/Documents/Programing/Learn With Project/Full Stack/ecommerce/backend/node_modules/router/index.js:435:11)
    at Layer.handleRequest (/home/habtamu/Documents/Programing/Learn With Project/Full Stack/ecommerce/backend/node_modules/router/lib/layer.js:152:17)
    at /home/habtamu/Documents/Programing/Learn With Project/Full Stack/ecommerce/backend/node_modules/router/index.js:295:15
    at processParams (/home/habtamu/Documents/Programing/Learn With Project/Full Stack/ecommerce/backend/node_modules/router/index.js:582:12)
    at next (/home/habtamu/Documents/Programing/Learn With Project/Full Stack/ecommerce/backend/node_modules/router/index.js:291:5)
    at /home/habtamu/Documents/Programing/Learn With Project/Full Stack/ecommerce/backend/node_modules/router/index.js:688:15
2025-12-15 21:05:45 [ERROR]: 404 - Can't find /api/cart/remove/69403045fcc2c7424e4dfbb1 on this server! - /api/cart/remove/69403045fcc2c7424e4dfbb1 - DELETE - ::ffff:127.0.0.1
2025-12-15 21:05:45 [ERROR]: Error: Can't find /api/cart/remove/69403045fcc2c7424e4dfbb1 on this server!
    at file:///home/habtamu/Documents/Programing/Learn%20With%20Project/Full%20Stack/ecommerce/backend/server.js:40:8
    at Layer.handleRequest (/home/habtamu/Documents/Programing/Learn With Project/Full Stack/ecommerce/backend/node_modules/router/lib/layer.js:152:17)
    at next (/home/habtamu/Documents/Programing/Learn With Project/Full Stack/ecommerce/backend/node_modules/router/lib/route.js:157:13)
    at Route.dispatch (/home/habtamu/Documents/Programing/Learn With Project/Full Stack/ecommerce/backend/node_modules/router/lib/route.js:117:3)
    at handle (/home/habtamu/Documents/Programing/Learn With Project/Full Stack/ecommerce/backend/node_modules/router/index.js:435:11)
    at Layer.handleRequest (/home/habtamu/Documents/Programing/Learn With Project/Full Stack/ecommerce/backend/node_modules/router/lib/layer.js:152:17)
    at /home/habtamu/Documents/Programing/Learn With Project/Full Stack/ecommerce/backend/node_modules/router/index.js:295:15
    at processParams (/home/habtamu/Documents/Programing/Learn With Project/Full Stack/ecommerce/backend/node_modules/router/index.js:582:12)
    at next (/home/habtamu/Documents/Programing/Learn With Project/Full Stack/ecommerce/backend/node_modules/router/index.js:291:5)
    at /home/habtamu/Documents/Programing/Learn With Project/Full Stack/ecommerce/backend/node_modules/router/index.js:688:15
2025-12-15 21:05:49 [ERROR]: 404 - Can't find /api/cart/remove/69403045fcc2c7424e4dfbb1 on this server! - /api/cart/remove/69403045fcc2c7424e4dfbb1 - DELETE - ::ffff:127.0.0.1
2025-12-15 21:05:49 [ERROR]: Error: Can't find /api/cart/remove/69403045fcc2c7424e4dfbb1 on this server!
    at file:///home/habtamu/Documents/Programing/Learn%20With%20Project/Full%20Stack/ecommerce/backend/server.js:40:8
    at Layer.handleRequest (/home/habtamu/Documents/Programing/Learn With Project/Full Stack/ecommerce/backend/node_modules/router/lib/layer.js:152:17)
    at next (/home/habtamu/Documents/Programing/Learn With Project/Full Stack/ecommerce/backend/node_modules/router/lib/route.js:157:13)
    at Route.dispatch (/home/habtamu/Documents/Programing/Learn With Project/Full Stack/ecommerce/backend/node_modules/router/lib/route.js:117:3)
    at handle (/home/habtamu/Documents/Programing/Learn With Project/Full Stack/ecommerce/backend/node_modules/router/index.js:435:11)
    at Layer.handleRequest (/home/habtamu/Documents/Programing/Learn With Project/Full Stack/ecommerce/backend/node_modules/router/lib/layer.js:152:17)
    at /home/habtamu/Documents/Programing/Learn With Project/Full Stack/ecommerce/backend/node_modules/router/index.js:295:15
    at processParams (/home/habtamu/Documents/Programing/Learn With Project/Full Stack/ecommerce/backend/node_modules/router/index.js:582:12)
    at next (/home/habtamu/Documents/Programing/Learn With Project/Full Stack/ecommerce/backend/node_modules/router/index.js:291:5)
    at /home/habtamu/Documents/Programing/Learn With Project/Full Stack/ecommerce/backend/node_modules/router/index.js:688:15
2025-12-15 21:13:33 [ERROR]: 403 - Invalid token - /api/auth/refresh - POST - ::ffff:127.0.0.1
2025-12-15 21:13:33 [ERROR]: Error: Invalid token
    at file:///home/habtamu/Documents/Programing/Learn%20With%20Project/Full%20Stack/ecommerce/backend/controllers/authController.js:137:11
    at process.processTicksAndRejections (node:internal/process/task_queues:105:5)
2025-12-15 21:17:06 [ERROR]: 404 - Can't find /api/cart/remove/6940416efcc2c7424e4dfd94 on this server! - /api/cart/remove/6940416efcc2c7424e4dfd94 - DELETE - ::ffff:127.0.0.1
2025-12-15 21:17:06 [ERROR]: Error: Can't find /api/cart/remove/6940416efcc2c7424e4dfd94 on this server!
    at file:///home/habtamu/Documents/Programing/Learn%20With%20Project/Full%20Stack/ecommerce/backend/server.js:40:8
    at Layer.handleRequest (/home/habtamu/Documents/Programing/Learn With Project/Full Stack/ecommerce/backend/node_modules/router/lib/layer.js:152:17)
    at next (/home/habtamu/Documents/Programing/Learn With Project/Full Stack/ecommerce/backend/node_modules/router/lib/route.js:157:13)
    at Route.dispatch (/home/habtamu/Documents/Programing/Learn With Project/Full Stack/ecommerce/backend/node_modules/router/lib/route.js:117:3)
    at handle (/home/habtamu/Documents/Programing/Learn With Project/Full Stack/ecommerce/backend/node_modules/router/index.js:435:11)
    at Layer.handleRequest (/home/habtamu/Documents/Programing/Learn With Project/Full Stack/ecommerce/backend/node_modules/router/lib/layer.js:152:17)
    at /home/habtamu/Documents/Programing/Learn With Project/Full Stack/ecommerce/backend/node_modules/router/index.js:295:15
    at processParams (/home/habtamu/Documents/Programing/Learn With Project/Full Stack/ecommerce/backend/node_modules/router/index.js:582:12)
    at next (/home/habtamu/Documents/Programing/Learn With Project/Full Stack/ecommerce/backend/node_modules/router/index.js:291:5)
    at /home/habtamu/Documents/Programing/Learn With Project/Full Stack/ecommerce/backend/node_modules/router/index.js:688:15
2025-12-15 21:17:58 [ERROR]: 404 - Can't find /api/cart/remove/6940416efcc2c7424e4dfd94 on this server! - /api/cart/remove/6940416efcc2c7424e4dfd94 - DELETE - ::ffff:127.0.0.1
2025-12-15 21:17:58 [ERROR]: Error: Can't find /api/cart/remove/6940416efcc2c7424e4dfd94 on this server!
    at file:///home/habtamu/Documents/Programing/Learn%20With%20Project/Full%20Stack/ecommerce/backend/server.js:40:8
    at Layer.handleRequest (/home/habtamu/Documents/Programing/Learn With Project/Full Stack/ecommerce/backend/node_modules/router/lib/layer.js:152:17)
    at next (/home/habtamu/Documents/Programing/Learn With Project/Full Stack/ecommerce/backend/node_modules/router/lib/route.js:157:13)
    at Route.dispatch (/home/habtamu/Documents/Programing/Learn With Project/Full Stack/ecommerce/backend/node_modules/router/lib/route.js:117:3)
    at handle (/home/habtamu/Documents/Programing/Learn With Project/Full Stack/ecommerce/backend/node_modules/router/index.js:435:11)
    at Layer.handleRequest (/home/habtamu/Documents/Programing/Learn With Project/Full Stack/ecommerce/backend/node_modules/router/lib/layer.js:152:17)
    at /home/habtamu/Documents/Programing/Learn With Project/Full Stack/ecommerce/backend/node_modules/router/index.js:295:15
    at processParams (/home/habtamu/Documents/Programing/Learn With Project/Full Stack/ecommerce/backend/node_modules/router/index.js:582:12)
    at next (/home/habtamu/Documents/Programing/Learn With Project/Full Stack/ecommerce/backend/node_modules/router/index.js:291:5)
    at /home/habtamu/Documents/Programing/Learn With Project/Full Stack/ecommerce/backend/node_modules/router/index.js:688:15
2025-12-15 21:19:10 [ERROR]: 404 - Can't find /api/cart/update/6940416efcc2c7424e4dfd94 on this server! - /api/cart/update/6940416efcc2c7424e4dfd94 - PUT - ::ffff:127.0.0.1
2025-12-15 21:19:10 [ERROR]: Error: Can't find /api/cart/update/6940416efcc2c7424e4dfd94 on this server!
    at file:///home/habtamu/Documents/Programing/Learn%20With%20Project/Full%20Stack/ecommerce/backend/server.js:40:8
    at Layer.handleRequest (/home/habtamu/Documents/Programing/Learn With Project/Full Stack/ecommerce/backend/node_modules/router/lib/layer.js:152:17)
    at next (/home/habtamu/Documents/Programing/Learn With Project/Full Stack/ecommerce/backend/node_modules/router/lib/route.js:157:13)
    at Route.dispatch (/home/habtamu/Documents/Programing/Learn With Project/Full Stack/ecommerce/backend/node_modules/router/lib/route.js:117:3)
    at handle (/home/habtamu/Documents/Programing/Learn With Project/Full Stack/ecommerce/backend/node_modules/router/index.js:435:11)
    at Layer.handleRequest (/home/habtamu/Documents/Programing/Learn With Project/Full Stack/ecommerce/backend/node_modules/router/lib/layer.js:152:17)
    at /home/habtamu/Documents/Programing/Learn With Project/Full Stack/ecommerce/backend/node_modules/router/index.js:295:15
    at processParams (/home/habtamu/Documents/Programing/Learn With Project/Full Stack/ecommerce/backend/node_modules/router/index.js:582:12)
    at next (/home/habtamu/Documents/Programing/Learn With Project/Full Stack/ecommerce/backend/node_modules/router/index.js:291:5)
    at /home/habtamu/Documents/Programing/Learn With Project/Full Stack/ecommerce/backend/node_modules/router/index.js:688:15
2025-12-15 21:19:32 [ERROR]: 404 - Can't find /api/cart/update/693eef02e9dee39b8d0d4727 on this server! - /api/cart/update/693eef02e9dee39b8d0d4727 - PUT - ::ffff:127.0.0.1
2025-12-15 21:19:32 [ERROR]: Error: Can't find /api/cart/update/693eef02e9dee39b8d0d4727 on this server!
    at file:///home/habtamu/Documents/Programing/Learn%20With%20Project/Full%20Stack/ecommerce/backend/server.js:40:8
    at Layer.handleRequest (/home/habtamu/Documents/Programing/Learn With Project/Full Stack/ecommerce/backend/node_modules/router/lib/layer.js:152:17)
    at next (/home/habtamu/Documents/Programing/Learn With Project/Full Stack/ecommerce/backend/node_modules/router/lib/route.js:157:13)
    at Route.dispatch (/home/habtamu/Documents/Programing/Learn With Project/Full Stack/ecommerce/backend/node_modules/router/lib/route.js:117:3)
    at handle (/home/habtamu/Documents/Programing/Learn With Project/Full Stack/ecommerce/backend/node_modules/router/index.js:435:11)
    at Layer.handleRequest (/home/habtamu/Documents/Programing/Learn With Project/Full Stack/ecommerce/backend/node_modules/router/lib/layer.js:152:17)
    at /home/habtamu/Documents/Programing/Learn With Project/Full Stack/ecommerce/backend/node_modules/router/index.js:295:15
    at processParams (/home/habtamu/Documents/Programing/Learn With Project/Full Stack/ecommerce/backend/node_modules/router/index.js:582:12)
    at next (/home/habtamu/Documents/Programing/Learn With Project/Full Stack/ecommerce/backend/node_modules/router/index.js:291:5)
    at /home/habtamu/Documents/Programing/Learn With Project/Full Stack/ecommerce/backend/node_modules/router/index.js:688:15
2025-12-15 21:19:40 [ERROR]: 404 - Can't find /api/cart/update/693eef04e9dee39b8d0d4731 on this server! - /api/cart/update/693eef04e9dee39b8d0d4731 - PUT - ::ffff:127.0.0.1
2025-12-15 21:19:40 [ERROR]: Error: Can't find /api/cart/update/693eef04e9dee39b8d0d4731 on this server!
    at file:///home/habtamu/Documents/Programing/Learn%20With%20Project/Full%20Stack/ecommerce/backend/server.js:40:8
    at Layer.handleRequest (/home/habtamu/Documents/Programing/Learn With Project/Full Stack/ecommerce/backend/node_modules/router/lib/layer.js:152:17)
    at next (/home/habtamu/Documents/Programing/Learn With Project/Full Stack/ecommerce/backend/node_modules/router/lib/route.js:157:13)
    at Route.dispatch (/home/habtamu/Documents/Programing/Learn With Project/Full Stack/ecommerce/backend/node_modules/router/lib/route.js:117:3)
    at handle (/home/habtamu/Documents/Programing/Learn With Project/Full Stack/ecommerce/backend/node_modules/router/index.js:435:11)
    at Layer.handleRequest (/home/habtamu/Documents/Programing/Learn With Project/Full Stack/ecommerce/backend/node_modules/router/lib/layer.js:152:17)
    at /home/habtamu/Documents/Programing/Learn With Project/Full Stack/ecommerce/backend/node_modules/router/index.js:295:15
    at processParams (/home/habtamu/Documents/Programing/Learn With Project/Full Stack/ecommerce/backend/node_modules/router/index.js:582:12)
    at next (/home/habtamu/Documents/Programing/Learn With Project/Full Stack/ecommerce/backend/node_modules/router/index.js:291:5)
    at /home/habtamu/Documents/Programing/Learn With Project/Full Stack/ecommerce/backend/node_modules/router/index.js:688:15
2025-12-15 21:28:33 [ERROR]: 400 - User already exists - /api/auth/register - POST - ::ffff:127.0.0.1
2025-12-15 21:28:33 [ERROR]: Error: User already exists
    at /home/habtamu/Documents/Programing/Learn With Project/Full Stack/ecommerce/backend/controllers/authController.js:37:11
    at processTicksAndRejections (node:internal/process/task_queues:105:5)
2025-12-15 21:28:34 [ERROR]: 400 - Invalid credentials - /api/auth/login - POST - ::ffff:127.0.0.1
2025-12-15 21:28:34 [ERROR]: Error: Invalid credentials
    at /home/habtamu/Documents/Programing/Learn With Project/Full Stack/ecommerce/backend/controllers/authController.js:87:11
2025-12-15 21:28:45 [ERROR]: 404 - Can't find /api/users/6940535db477e0e131132d96/disable on this server! - /api/users/6940535db477e0e131132d96/disable - PUT - ::ffff:127.0.0.1
2025-12-15 21:28:45 [ERROR]: Error: Can't find /api/users/6940535db477e0e131132d96/disable on this server!
    at /home/habtamu/Documents/Programing/Learn With Project/Full Stack/ecommerce/backend/server.js:40:8
    at Layer.handleRequest (/home/habtamu/Documents/Programing/Learn With Project/Full Stack/ecommerce/backend/node_modules/router/lib/layer.js:152:17)
    at next (/home/habtamu/Documents/Programing/Learn With Project/Full Stack/ecommerce/backend/node_modules/router/lib/route.js:157:13)
    at Route.dispatch (/home/habtamu/Documents/Programing/Learn With Project/Full Stack/ecommerce/backend/node_modules/router/lib/route.js:117:3)
    at handle (/home/habtamu/Documents/Programing/Learn With Project/Full Stack/ecommerce/backend/node_modules/router/index.js:435:11)
    at Layer.handleRequest (/home/habtamu/Documents/Programing/Learn With Project/Full Stack/ecommerce/backend/node_modules/router/lib/layer.js:152:17)
    at /home/habtamu/Documents/Programing/Learn With Project/Full Stack/ecommerce/backend/node_modules/router/index.js:295:15
    at processParams (/home/habtamu/Documents/Programing/Learn With Project/Full Stack/ecommerce/backend/node_modules/router/index.js:582:12)
    at next (/home/habtamu/Documents/Programing/Learn With Project/Full Stack/ecommerce/backend/node_modules/router/index.js:291:5)
    at /home/habtamu/Documents/Programing/Learn With Project/Full Stack/ecommerce/backend/node_modules/router/index.js:688:15
    at next (/home/habtamu/Documents/Programing/Learn With Project/Full Stack/ecommerce/backend/node_modules/router/index.js:276:14)
    at Function.handle (/home/habtamu/Documents/Programing/Learn With Project/Full Stack/ecommerce/backend/node_modules/router/index.js:186:3)
    at router (/home/habtamu/Documents/Programing/Learn With Project/Full Stack/ecommerce/backend/node_modules/router/index.js:60:12)
    at Layer.handleRequest (/home/habtamu/Documents/Programing/Learn With Project/Full Stack/ecommerce/backend/node_modules/router/lib/layer.js:152:17)
    at trimPrefix (/home/habtamu/Documents/Programing/Learn With Project/Full Stack/ecommerce/backend/node_modules/router/index.js:342:13)
    at /home/habtamu/Documents/Programing/Learn With Project/Full Stack/ecommerce/backend/node_modules/router/index.js:297:9
    at processParams (/home/habtamu/Documents/Programing/Learn With Project/Full Stack/ecommerce/backend/node_modules/router/index.js:582:12)
    at next (/home/habtamu/Documents/Programing/Learn With Project/Full Stack/ecommerce/backend/node_modules/router/index.js:291:5)
    at cors (/home/habtamu/Documents/Programing/Learn With Project/Full Stack/ecommerce/backend/node_modules/cors/lib/index.js:188:7)
    at /home/habtamu/Documents/Programing/Learn With Project/Full Stack/ecommerce/backend/node_modules/cors/lib/index.js:224:17
    at originCallback (/home/habtamu/Documents/Programing/Learn With Project/Full Stack/ecommerce/backend/node_modules/cors/lib/index.js:214:15)
    at /home/habtamu/Documents/Programing/Learn With Project/Full Stack/ecommerce/backend/node_modules/cors/lib/index.js:219:13
    at optionsCallback (/home/habtamu/Documents/Programing/Learn With Project/Full Stack/ecommerce/backend/node_modules/cors/lib/index.js:199:9)
    at corsMiddleware (/home/habtamu/Documents/Programing/Learn With Project/Full Stack/ecommerce/backend/node_modules/cors/lib/index.js:204:7)
    at Layer.handleRequest (/home/habtamu/Documents/Programing/Learn With Project/Full Stack/ecommerce/backend/node_modules/router/lib/layer.js:152:17)
    at trimPrefix (/home/habtamu/Documents/Programing/Learn With Project/Full Stack/ecommerce/backend/node_modules/router/index.js:342:13)
    at /home/habtamu/Documents/Programing/Learn With Project/Full Stack/ecommerce/backend/node_modules/router/index.js:297:9
    at processParams (/home/habtamu/Documents/Programing/Learn With Project/Full Stack/ecommerce/backend/node_modules/router/index.js:582:12)
    at next (/home/habtamu/Documents/Programing/Learn With Project/Full Stack/ecommerce/backend/node_modules/router/index.js:291:5)
    at cookieParser (/home/habtamu/Documents/Programing/Learn With Project/Full Stack/ecommerce/backend/node_modules/cookie-parser/index.js:57:14)
    at Layer.handleRequest (/home/habtamu/Documents/Programing/Learn With Project/Full Stack/ecommerce/backend/node_modules/router/lib/layer.js:152:17)
    at trimPrefix (/home/habtamu/Documents/Programing/Learn With Project/Full Stack/ecommerce/backend/node_modules/router/index.js:342:13)
    at /home/habtamu/Documents/Programing/Learn With Project/Full Stack/ecommerce/backend/node_modules/router/index.js:297:9
    at processParams (/home/habtamu/Documents/Programing/Learn With Project/Full Stack/ecommerce/backend/node_modules/router/index.js:582:12)
    at next (/home/habtamu/Documents/Programing/Learn With Project/Full Stack/ecommerce/backend/node_modules/router/index.js:291:5)
    at read (/home/habtamu/Documents/Programing/Learn With Project/Full Stack/ecommerce/backend/node_modules/body-parser/lib/read.js:63:5)
    at jsonParser (/home/habtamu/Documents/Programing/Learn With Project/Full Stack/ecommerce/backend/node_modules/body-parser/lib/types/json.js:90:5)
    at Layer.handleRequest (/home/habtamu/Documents/Programing/Learn With Project/Full Stack/ecommerce/backend/node_modules/router/lib/layer.js:152:17)
    at trimPrefix (/home/habtamu/Documents/Programing/Learn With Project/Full Stack/ecommerce/backend/node_modules/router/index.js:342:13)
    at /home/habtamu/Documents/Programing/Learn With Project/Full Stack/ecommerce/backend/node_modules/router/index.js:297:9
    at processParams (/home/habtamu/Documents/Programing/Learn With Project/Full Stack/ecommerce/backend/node_modules/router/index.js:582:12)
    at next (/home/habtamu/Documents/Programing/Learn With Project/Full Stack/ecommerce/backend/node_modules/router/index.js:291:5)
    at requestLogger (/home/habtamu/Documents/Programing/Learn With Project/Full Stack/ecommerce/backend/middleware/requestLogger.js:6:3)
    at Layer.handleRequest (/home/habtamu/Documents/Programing/Learn With Project/Full Stack/ecommerce/backend/node_modules/router/lib/layer.js:152:17)
    at trimPrefix (/home/habtamu/Documents/Programing/Learn With Project/Full Stack/ecommerce/backend/node_modules/router/index.js:342:13)
    at /home/habtamu/Documents/Programing/Learn With Project/Full Stack/ecommerce/backend/node_modules/router/index.js:297:9
    at processParams (/home/habtamu/Documents/Programing/Learn With Project/Full Stack/ecommerce/backend/node_modules/router/index.js:582:12)
    at next (/home/habtamu/Documents/Programing/Learn With Project/Full Stack/ecommerce/backend/node_modules/router/index.js:291:5)
    at internalNext (/home/habtamu/Documents/Programing/Learn With Project/Full Stack/ecommerce/backend/node_modules/helmet/index.mjs:527:6)
    at xXssProtectionMiddleware (/home/habtamu/Documents/Programing/Learn With Project/Full Stack/ecommerce/backend/node_modules/helmet/index.mjs:307:3)
    at internalNext (/home/habtamu/Documents/Programing/Learn With Project/Full Stack/ecommerce/backend/node_modules/helmet/index.mjs:525:6)
    at xPoweredByMiddleware (/home/habtamu/Documents/Programing/Learn With Project/Full Stack/ecommerce/backend/node_modules/helmet/index.mjs:300:3)
    at internalNext (/home/habtamu/Documents/Programing/Learn With Project/Full Stack/ecommerce/backend/node_modules/helmet/index.mjs:525:6)
    at xPermittedCrossDomainPoliciesMiddleware (/home/habtamu/Documents/Programing/Learn With Project/Full Stack/ecommerce/backend/node_modules/helmet/index.mjs:293:3)
    at internalNext (/home/habtamu/Documents/Programing/Learn With Project/Full Stack/ecommerce/backend/node_modules/helmet/index.mjs:525:6)
    at xFrameOptionsMiddleware (/home/habtamu/Documents/Programing/Learn With Project/Full Stack/ecommerce/backend/node_modules/helmet/index.mjs:277:3)
    at internalNext (/home/habtamu/Documents/Programing/Learn With Project/Full Stack/ecommerce/backend/node_modules/helmet/index.mjs:525:6)
    at xDownloadOptionsMiddleware (/home/habtamu/Documents/Programing/Learn With Project/Full Stack/ecommerce/backend/node_modules/helmet/index.mjs:257:3)
    at internalNext (/home/habtamu/Documents/Programing/Learn With Project/Full Stack/ecommerce/backend/node_modules/helmet/index.mjs:525:6)
    at xDnsPrefetchControlMiddleware (/home/habtamu/Documents/Programing/Learn With Project/Full Stack/ecommerce/backend/node_modules/helmet/index.mjs:250:3)
    at internalNext (/home/habtamu/Documents/Programing/Learn With Project/Full Stack/ecommerce/backend/node_modules/helmet/index.mjs:525:6)
    at xContentTypeOptionsMiddleware (/home/habtamu/Documents/Programing/Learn With Project/Full Stack/ecommerce/backend/node_modules/helmet/index.mjs:242:3)
    at internalNext (/home/habtamu/Documents/Programing/Learn With Project/Full Stack/ecommerce/backend/node_modules/helmet/index.mjs:525:6)
    at strictTransportSecurityMiddleware (/home/habtamu/Documents/Programing/Learn With Project/Full Stack/ecommerce/backend/node_modules/helmet/index.mjs:235:3)
    at internalNext (/home/habtamu/Documents/Programing/Learn With Project/Full Stack/ecommerce/backend/node_modules/helmet/index.mjs:525:6)
    at referrerPolicyMiddleware (/home/habtamu/Documents/Programing/Learn With Project/Full Stack/ecommerce/backend/node_modules/helmet/index.mjs:203:3)
    at internalNext (/home/habtamu/Documents/Programing/Learn With Project/Full Stack/ecommerce/backend/node_modules/helmet/index.mjs:525:6)
    at originAgentClusterMiddleware (/home/habtamu/Documents/Programing/Learn With Project/Full Stack/ecommerce/backend/node_modules/helmet/index.mjs:178:3)
    at internalNext (/home/habtamu/Documents/Programing/Learn With Project/Full Stack/ecommerce/backend/node_modules/helmet/index.mjs:525:6)
    at crossOriginResourcePolicyMiddleware (/home/habtamu/Documents/Programing/Learn With Project/Full Stack/ecommerce/backend/node_modules/helmet/index.mjs:171:3)
    at internalNext (/home/habtamu/Documents/Programing/Learn With Project/Full Stack/ecommerce/backend/node_modules/helmet/index.mjs:525:6)
    at crossOriginOpenerPolicyMiddleware (/home/habtamu/Documents/Programing/Learn With Project/Full Stack/ecommerce/backend/node_modules/helmet/index.mjs:155:3)
    at internalNext (/home/habtamu/Documents/Programing/Learn With Project/Full Stack/ecommerce/backend/node_modules/helmet/index.mjs:525:6)
    at contentSecurityPolicyMiddleware (/home/habtamu/Documents/Programing/Learn With Project/Full Stack/ecommerce/backend/node_modules/helmet/index.mjs:120:4)
    at internalNext (/home/habtamu/Documents/Programing/Learn With Project/Full Stack/ecommerce/backend/node_modules/helmet/index.mjs:525:6)
    at helmetMiddleware (/home/habtamu/Documents/Programing/Learn With Project/Full Stack/ecommerce/backend/node_modules/helmet/index.mjs:529:6)
    at Layer.handleRequest (/home/habtamu/Documents/Programing/Learn With Project/Full Stack/ecommerce/backend/node_modules/router/lib/layer.js:152:17)
    at trimPrefix (/home/habtamu/Documents/Programing/Learn With Project/Full Stack/ecommerce/backend/node_modules/router/index.js:342:13)
    at /home/habtamu/Documents/Programing/Learn With Project/Full Stack/ecommerce/backend/node_modules/router/index.js:297:9
    at processParams (/home/habtamu/Documents/Programing/Learn With Project/Full Stack/ecommerce/backend/node_modules/router/index.js:582:12)
    at next (/home/habtamu/Documents/Programing/Learn With Project/Full Stack/ecommerce/backend/node_modules/router/index.js:291:5)
    at Function.handle (/home/habtamu/Documents/Programing/Learn With Project/Full Stack/ecommerce/backend/node_modules/router/index.js:186:3)
    at Function.handle (/home/habtamu/Documents/Programing/Learn With Project/Full Stack/ecommerce/backend/node_modules/express/lib/application.js:177:15)
    at Server.app (/home/habtamu/Documents/Programing/Learn With Project/Full Stack/ecommerce/backend/node_modules/express/lib/express.js:38:9)
    at Server.emit (node:events:519:28)
    at parserOnIncoming (node:_http_server:1173:12)
    at HTTPParser.parserOnHeadersComplete (node:_http_common:121:17)
2025-12-15 21:29:02 [ERROR]: 400 - User not exist - /api/auth/login - POST - ::ffff:127.0.0.1
2025-12-15 21:29:02 [ERROR]: Error: User not exist
    at /home/habtamu/Documents/Programing/Learn With Project/Full Stack/ecommerce/backend/controllers/authController.js:82:11
    at processTicksAndRejections (node:internal/process/task_queues:105:5)
2025-12-15 21:44:14 [ERROR]: 403 - Invalid token - /api/auth/refresh - POST - ::ffff:127.0.0.1
2025-12-15 21:44:14 [ERROR]: Error: Invalid token
    at file:///home/habtamu/Documents/Programing/Learn%20With%20Project/Full%20Stack/ecommerce/backend/controllers/authController.js:137:11
    at process.processTicksAndRejections (node:internal/process/task_queues:105:5)
